Using launch settings from c:\Projects\Rolemaster\Character_Creation\RolemasterCharacterCreation\Properties\launchSettings.json...
info: Microsoft.EntityFrameworkCore.Database.Command[20101]
      Executed DbCommand (21ms) [Parameters=[], CommandType='Text', CommandTimeout='30']
      SELECT 1
info: Microsoft.EntityFrameworkCore.Migrations[20411]
      Acquiring an exclusive lock for migration application. See https://aka.ms/efcore-docs-migrations-lock for more information if this takes too long.
info: Microsoft.EntityFrameworkCore.Database.Command[20101]
      Executed DbCommand (38ms) [Parameters=[], CommandType='Text', CommandTimeout='30']
      DECLARE @result int;
      EXEC @result = sp_getapplock @Resource = '__EFMigrationsLock', @LockOwner = 'Session', @LockMode = 'Exclusive';
      SELECT @result
info: Microsoft.EntityFrameworkCore.Database.Command[20101]
      Executed DbCommand (1ms) [Parameters=[], CommandType='Text', CommandTimeout='30']
      IF OBJECT_ID(N'[__EFMigrationsHistory]') IS NULL
      BEGIN
          CREATE TABLE [__EFMigrationsHistory] (
              [MigrationId] nvarchar(150) NOT NULL,
              [ProductVersion] nvarchar(32) NOT NULL,
              CONSTRAINT [PK___EFMigrationsHistory] PRIMARY KEY ([MigrationId])
          );
      END;
info: Microsoft.EntityFrameworkCore.Database.Command[20101]
      Executed DbCommand (1ms) [Parameters=[], CommandType='Text', CommandTimeout='30']
      SELECT 1
info: Microsoft.EntityFrameworkCore.Database.Command[20101]
      Executed DbCommand (1ms) [Parameters=[], CommandType='Text', CommandTimeout='30']
      SELECT OBJECT_ID(N'[__EFMigrationsHistory]');
info: Microsoft.EntityFrameworkCore.Database.Command[20101]
      Executed DbCommand (3ms) [Parameters=[], CommandType='Text', CommandTimeout='30']
      SELECT [MigrationId], [ProductVersion]
      FROM [__EFMigrationsHistory]
      ORDER BY [MigrationId];
info: Microsoft.EntityFrameworkCore.Migrations[20405]
      No migrations were applied. The database is already up to date.
info: Microsoft.EntityFrameworkCore.Database.Command[20101]
      Executed DbCommand (5ms) [Parameters=[], CommandType='Text', CommandTimeout='30']
      DECLARE @result int;
      EXEC @result = sp_releaseapplock @Resource = '__EFMigrationsLock', @LockOwner = 'Session';
      SELECT @result
info: Microsoft.EntityFrameworkCore.Database.Command[20101]
      Executed DbCommand (16ms) [Parameters=[@normalizedName='?' (Size = 256)], CommandType='Text', CommandTimeout='30']
      SELECT TOP(1) [a].[Id], [a].[ConcurrencyStamp], [a].[Name], [a].[NormalizedName]
      FROM [AspNetRoles] AS [a]
      WHERE [a].[NormalizedName] = @normalizedName
info: Microsoft.EntityFrameworkCore.Database.Command[20101]
      Executed DbCommand (1ms) [Parameters=[@normalizedName='?' (Size = 256)], CommandType='Text', CommandTimeout='30']
      SELECT TOP(1) [a].[Id], [a].[ConcurrencyStamp], [a].[Name], [a].[NormalizedName]
      FROM [AspNetRoles] AS [a]
      WHERE [a].[NormalizedName] = @normalizedName
info: Microsoft.EntityFrameworkCore.Database.Command[20101]
      Executed DbCommand (8ms) [Parameters=[@normalizedEmail='?' (Size = 256)], CommandType='Text', CommandTimeout='30']
      SELECT TOP(2) [a].[Id], [a].[AccessFailedCount], [a].[ConcurrencyStamp], [a].[DisplayName], [a].[Email], [a].[EmailConfirmed], [a].[LockoutEnabled], [a].[LockoutEnd], [a].[NormalizedEmail], [a].[NormalizedUserName], [a].[PasswordHash], [a].[PhoneNumber], [a].[PhoneNumberConfirmed], [a].[SecurityStamp], [a].[TwoFactorEnabled], [a].[UserName]
      FROM [AspNetUsers] AS [a]
      WHERE [a].[NormalizedEmail] = @normalizedEmail
info: Microsoft.EntityFrameworkCore.Database.Command[20101]
      Executed DbCommand (6ms) [Parameters=[], CommandType='Text', CommandTimeout='30']
      SELECT [c].[Id], [c].[Description], [c].[Name]
      FROM [CreatureDescriptions] AS [c]
warn: Microsoft.EntityFrameworkCore.Query[20504]
      Compiling a query which loads related collections for more than one collection navigation, either via 'Include' or through projection, but no 'QuerySplittingBehavior' has been configured. By default, Entity Framework will use 'QuerySplittingBehavior.SingleQuery', which can potentially result in slow query performance. See https://go.microsoft.com/fwlink/?linkid=2134277 for more information. To identify the query that's triggering this warning call 'ConfigureWarnings(w => w.Throw(RelationalEventId.MultipleCollectionIncludeWarning))'.
info: Microsoft.EntityFrameworkCore.Database.Command[20101]
      Executed DbCommand (112ms) [Parameters=[], CommandType='Text', CommandTimeout='30']
      SELECT [a].[Id], [a].[Category], [a].[CritTypes], [a].[DisarmMod], [a].[Name], [a].[Notes], [a].[Signature], [a].[SubdualMod], [a0].[Id], [a0].[AttackTableId], [a0].[Fumble], [a0].[Length], [a0].[Name], [a0].[SizeMod], [a0].[Strength], [a0].[Weight], [a1].[Id], [a1].[At1], [a1].[At10], [a1].[At2], [a1].[At3], [a1].[At4], [a1].[At5], [a1].[At6], [a1].[At7], [a1].[At8], [a1].[At9], [a1].[AttackTableId], [a1].[RollHigh], [a1].[RollLow], [a1].[Size]
      FROM [AttackTables] AS [a]
      LEFT JOIN [AttackTableWeapons] AS [a0] ON [a].[Id] = [a0].[AttackTableId]
      LEFT JOIN [AttackTableRows] AS [a1] ON [a].[Id] = [a1].[AttackTableId]
      ORDER BY [a].[Id], [a0].[Id]
info: Microsoft.EntityFrameworkCore.Database.Command[20101]
      Executed DbCommand (20ms) [Parameters=[], CommandType='Text', CommandTimeout='30']
      SELECT [c].[Id], [c].[Name], [c].[Signature], [c0].[Id], [c0].[A], [c0].[B], [c0].[C], [c0].[CriticalTableId], [c0].[D], [c0].[E], [c0].[Location], [c0].[RollHigh], [c0].[RollLow]
      FROM [CriticalTables] AS [c]
      LEFT JOIN [CriticalTableRows] AS [c0] ON [c].[Id] = [c0].[CriticalTableId]
      ORDER BY [c].[Id]
info: Microsoft.EntityFrameworkCore.Database.Command[20101]
      Executed DbCommand (14ms) [Parameters=[], CommandType='Text', CommandTimeout='30']
      SELECT [f].[Id], [f].[Col1Name], [f].[Col2Name], [f].[Col3Name], [f].[Col4Name], [f].[Col5Name], [f].[Name], [f].[Signature], [f0].[Id], [f0].[Col1], [f0].[Col2], [f0].[Col3], [f0].[Col4], [f0].[Col5], [f0].[FumbleTableId], [f0].[RollHigh], [f0].[RollLow]
      FROM [FumbleTables] AS [f]
      LEFT JOIN [FumbleTableRows] AS [f0] ON [f].[Id] = [f0].[FumbleTableId]
      ORDER BY [f].[Id]
info: Microsoft.EntityFrameworkCore.Database.Command[20101]
      Executed DbCommand (16ms) [Parameters=[], CommandType='Text', CommandTimeout='30']
      SELECT [s].[Id], [s].[Col1Name], [s].[Col2Name], [s].[Col3Name], [s].[Col4Name], [s].[Name], [s].[Signature], [s0].[Id], [s0].[Col1], [s0].[Col2], [s0].[Col3], [s0].[Col4], [s0].[RollHigh], [s0].[RollLow], [s0].[SpellFailureTableId]
      FROM [SpellFailureTables] AS [s]
      LEFT JOIN [SpellFailureTableRows] AS [s0] ON [s].[Id] = [s0].[SpellFailureTableId]
      ORDER BY [s].[Id]
info: Microsoft.EntityFrameworkCore.Database.Command[20101]
      Executed DbCommand (33ms) [Parameters=[], CommandType='Text', CommandTimeout='30']
      SELECT [s].[Id], [s].[Category], [s].[Code], [s].[Name], [s].[Profession], [s].[Realm], [s].[Signature], [s0].[Id], [s0].[AreaOfEffect], [s0].[Description], [s0].[Duration], [s0].[Level], [s0].[Name], [s0].[Range], [s0].[SpellListId], [s0].[Type]
      FROM [SpellLists] AS [s]
      LEFT JOIN [Spells] AS [s0] ON [s].[Id] = [s0].[SpellListId]
      ORDER BY [s].[Id]
info: Microsoft.EntityFrameworkCore.Database.Command[20101]
      Executed DbCommand (4ms) [Parameters=[], CommandType='Text', CommandTimeout='30']
      SELECT [m].[Id], [m].[ColorHex], [m].[IsBuiltIn], [m].[Name], [m].[SortOrder]
      FROM [MapCategories] AS [m]
info: Microsoft.EntityFrameworkCore.Database.Command[20101]
      Executed DbCommand (18ms) [Parameters=[], CommandType='Text', CommandTimeout='30']
      SELECT [m].[Id], [m].[ColorHex], [m].[IsBuiltIn], [m].[Name], [m].[SortOrder], [m0].[Id], [m0].[MapCategoryId], [m0].[Name]
      FROM [MapCategories] AS [m]
      LEFT JOIN [MapCategoryNames] AS [m0] ON [m].[Id] = [m0].[MapCategoryId]
      ORDER BY [m].[Id]
info: Microsoft.EntityFrameworkCore.Database.Command[20101]
      Executed DbCommand (7ms) [Parameters=[], CommandType='Text', CommandTimeout='30']
      SELECT CASE
          WHEN EXISTS (
              SELECT 1
              FROM [VillageCategories] AS [v]) THEN CAST(1 AS bit)
          ELSE CAST(0 AS bit)
      END
info: Microsoft.EntityFrameworkCore.Database.Command[20101]
      Executed DbCommand (16ms) [Parameters=[], CommandType='Text', CommandTimeout='30']
      SELECT [v].[Id], [v].[ColorHex], [v].[IsBuiltIn], [v].[Name], [v].[SortOrder], [v0].[Id], [v0].[Name], [v0].[VillageCategoryId]
      FROM [VillageCategories] AS [v]
      LEFT JOIN [VillageCategoryNames] AS [v0] ON [v].[Id] = [v0].[VillageCategoryId]
      ORDER BY [v].[Id]
info: Microsoft.EntityFrameworkCore.Database.Command[20101]
      Executed DbCommand (9ms) [Parameters=[], CommandType='Text', CommandTimeout='30']
      SELECT CASE
          WHEN EXISTS (
              SELECT 1
              FROM [DungeonCategories] AS [d]) THEN CAST(1 AS bit)
          ELSE CAST(0 AS bit)
      END
info: Microsoft.EntityFrameworkCore.Database.Command[20101]
      Executed DbCommand (17ms) [Parameters=[], CommandType='Text', CommandTimeout='30']
      SELECT [d].[Id], [d].[ColorHex], [d].[IsBuiltIn], [d].[IsHidden], [d].[Name], [d].[SortOrder], [d0].[Id], [d0].[DungeonCategoryId], [d0].[Name]
      FROM [DungeonCategories] AS [d]
      LEFT JOIN [DungeonCategoryNames] AS [d0] ON [d].[Id] = [d0].[DungeonCategoryId]
      ORDER BY [d].[Id]
info: Microsoft.EntityFrameworkCore.Database.Command[20101]
      Executed DbCommand (6ms) [Parameters=[], CommandType='Text', CommandTimeout='30']
      SELECT CASE
          WHEN EXISTS (
              SELECT 1
              FROM [CaveCategories] AS [c]) THEN CAST(1 AS bit)
          ELSE CAST(0 AS bit)
      END
info: Microsoft.EntityFrameworkCore.Database.Command[20101]
      Executed DbCommand (14ms) [Parameters=[], CommandType='Text', CommandTimeout='30']
      SELECT [c].[Id], [c].[ColorHex], [c].[IsBuiltIn], [c].[IsHidden], [c].[Name], [c].[SortOrder], [c0].[Id], [c0].[CaveCategoryId], [c0].[Name]
      FROM [CaveCategories] AS [c]
      LEFT JOIN [CaveCategoryNames] AS [c0] ON [c].[Id] = [c0].[CaveCategoryId]
      ORDER BY [c].[Id]
info: Microsoft.EntityFrameworkCore.Database.Command[20101]
      Executed DbCommand (6ms) [Parameters=[], CommandType='Text', CommandTimeout='30']
      SELECT CASE
          WHEN EXISTS (
              SELECT 1
              FROM [BuildingCategories] AS [b]) THEN CAST(1 AS bit)
          ELSE CAST(0 AS bit)
      END
info: Microsoft.EntityFrameworkCore.Database.Command[20101]
      Executed DbCommand (14ms) [Parameters=[], CommandType='Text', CommandTimeout='30']
      SELECT [b].[Id], [b].[ColorHex], [b].[IsBuiltIn], [b].[IsHidden], [b].[Name], [b].[SortOrder], [b0].[Id], [b0].[BuildingCategoryId], [b0].[Name]
      FROM [BuildingCategories] AS [b]
      LEFT JOIN [BuildingCategoryNames] AS [b0] ON [b].[Id] = [b0].[BuildingCategoryId]
      ORDER BY [b].[Id]
info: Microsoft.EntityFrameworkCore.Database.Command[20101]
      Executed DbCommand (7ms) [Parameters=[], CommandType='Text', CommandTimeout='30']
      SELECT CASE
          WHEN EXISTS (
              SELECT 1
              FROM [WorldCategories] AS [w]) THEN CAST(1 AS bit)
          ELSE CAST(0 AS bit)
      END
info: Microsoft.Hosting.Lifetime[14]
      Now listening on: http://localhost:5224
info: Microsoft.Hosting.Lifetime[0]
      Application started. Press Ctrl+C to shut down.
info: Microsoft.Hosting.Lifetime[0]
      Hosting environment: Development
info: Microsoft.Hosting.Lifetime[0]
      Content root path: c:\Projects\Rolemaster\Character_Creation\RolemasterCharacterCreation
info: RolemasterCharacterCreation.Services.RulesIndexService[0]
      Parsed 543 chunks from Rolemaster_Core_Law_(RMU).md
warn: Microsoft.AspNetCore.HttpsPolicy.HttpsRedirectionMiddleware[3]
      Failed to determine the https port for redirect.
info: RolemasterCharacterCreation.Services.RulesIndexService[0]
      Parsed 638 chunks from Rolemaster_Spell_Law_(RMU).md
info: RolemasterCharacterCreation.Services.RulesIndexService[0]
      Parsed 32 chunks from skills.md
info: RolemasterCharacterCreation.Services.RulesIndexService[0]
      Parsed 22 chunks from context.md
info: RolemasterCharacterCreation.Services.RulesIndexService[0]
      Parsed 13 chunks from talents.md
info: RolemasterCharacterCreation.Services.RulesIndexService[0]
      Parsed 31 chunks from maneuvers.md
info: RolemasterCharacterCreation.Services.RulesIndexService[0]
      Parsed 46 chunks from equipment.md
info: RolemasterCharacterCreation.Services.RulesIndexService[0]
      Parsed 34 chunks from races.md
info: RolemasterCharacterCreation.Services.RulesIndexService[0]
      Parsed 491 chunks from Rolemaster_Treasure_Law_(RMU).md (GM-only)
info: RolemasterCharacterCreation.Services.RulesIndexService[0]
      Parsed 669 chunks from Rolemaster_Creature_Law_I.md (GM-only)
info: RolemasterCharacterCreation.Services.RulesIndexService[0]
      Embedding 2519 chunks via voyage-3.5-lite…
info: System.Net.Http.HttpClient.IEmbeddingClient.LogicalHandler[100]
      Start processing HTTP request POST https://api.voyageai.com/v1/embeddings
info: System.Net.Http.HttpClient.IEmbeddingClient.ClientHandler[100]
      Sending HTTP request POST https://api.voyageai.com/v1/embeddings
info: System.Net.Http.HttpClient.IEmbeddingClient.ClientHandler[101]
      Received HTTP response headers after 3078.2101ms - 200
info: System.Net.Http.HttpClient.IEmbeddingClient.LogicalHandler[101]
      End processing HTTP request after 3085.5235ms - 200
info: System.Net.Http.HttpClient.IEmbeddingClient.LogicalHandler[100]
      Start processing HTTP request POST https://api.voyageai.com/v1/embeddings
info: System.Net.Http.HttpClient.IEmbeddingClient.ClientHandler[100]
      Sending HTTP request POST https://api.voyageai.com/v1/embeddings
info: System.Net.Http.HttpClient.IEmbeddingClient.ClientHandler[101]
      Received HTTP response headers after 726.1567ms - 200
info: System.Net.Http.HttpClient.IEmbeddingClient.LogicalHandler[101]
      End processing HTTP request after 726.2872ms - 200
info: System.Net.Http.HttpClient.IEmbeddingClient.LogicalHandler[100]
      Start processing HTTP request POST https://api.voyageai.com/v1/embeddings
info: System.Net.Http.HttpClient.IEmbeddingClient.ClientHandler[100]
      Sending HTTP request POST https://api.voyageai.com/v1/embeddings
info: System.Net.Http.HttpClient.IEmbeddingClient.ClientHandler[101]
      Received HTTP response headers after 2153.682ms - 200
info: System.Net.Http.HttpClient.IEmbeddingClient.LogicalHandler[101]
      End processing HTTP request after 2153.7941ms - 200
info: System.Net.Http.HttpClient.IEmbeddingClient.LogicalHandler[100]
      Start processing HTTP request POST https://api.voyageai.com/v1/embeddings
info: System.Net.Http.HttpClient.IEmbeddingClient.ClientHandler[100]
      Sending HTTP request POST https://api.voyageai.com/v1/embeddings
info: System.Net.Http.HttpClient.IEmbeddingClient.ClientHandler[101]
      Received HTTP response headers after 4047.0816ms - 200
info: System.Net.Http.HttpClient.IEmbeddingClient.LogicalHandler[101]
      End processing HTTP request after 4047.18ms - 200
info: System.Net.Http.HttpClient.IEmbeddingClient.LogicalHandler[100]
      Start processing HTTP request POST https://api.voyageai.com/v1/embeddings
info: System.Net.Http.HttpClient.IEmbeddingClient.ClientHandler[100]
      Sending HTTP request POST https://api.voyageai.com/v1/embeddings
info: System.Net.Http.HttpClient.IEmbeddingClient.ClientHandler[101]
      Received HTTP response headers after 1007.4123ms - 200
info: System.Net.Http.HttpClient.IEmbeddingClient.LogicalHandler[101]
      End processing HTTP request after 1007.5158ms - 200
info: System.Net.Http.HttpClient.IEmbeddingClient.LogicalHandler[100]
      Start processing HTTP request POST https://api.voyageai.com/v1/embeddings
info: System.Net.Http.HttpClient.IEmbeddingClient.ClientHandler[100]
      Sending HTTP request POST https://api.voyageai.com/v1/embeddings
info: System.Net.Http.HttpClient.IEmbeddingClient.ClientHandler[101]
      Received HTTP response headers after 1283.3103ms - 200
info: System.Net.Http.HttpClient.IEmbeddingClient.LogicalHandler[101]
      End processing HTTP request after 1283.4082ms - 200
info: System.Net.Http.HttpClient.IEmbeddingClient.LogicalHandler[100]
      Start processing HTTP request POST https://api.voyageai.com/v1/embeddings
info: System.Net.Http.HttpClient.IEmbeddingClient.ClientHandler[100]
      Sending HTTP request POST https://api.voyageai.com/v1/embeddings
info: System.Net.Http.HttpClient.IEmbeddingClient.ClientHandler[101]
      Received HTTP response headers after 1279.6592ms - 200
info: System.Net.Http.HttpClient.IEmbeddingClient.LogicalHandler[101]
      End processing HTTP request after 1279.7553ms - 200
info: System.Net.Http.HttpClient.IEmbeddingClient.LogicalHandler[100]
      Start processing HTTP request POST https://api.voyageai.com/v1/embeddings
info: System.Net.Http.HttpClient.IEmbeddingClient.ClientHandler[100]
      Sending HTTP request POST https://api.voyageai.com/v1/embeddings
info: System.Net.Http.HttpClient.IEmbeddingClient.ClientHandler[101]
      Received HTTP response headers after 779.116ms - 200
info: System.Net.Http.HttpClient.IEmbeddingClient.LogicalHandler[101]
      End processing HTTP request after 779.2225ms - 200
info: System.Net.Http.HttpClient.IEmbeddingClient.LogicalHandler[100]
      Start processing HTTP request POST https://api.voyageai.com/v1/embeddings
info: System.Net.Http.HttpClient.IEmbeddingClient.ClientHandler[100]
      Sending HTTP request POST https://api.voyageai.com/v1/embeddings
info: System.Net.Http.HttpClient.IEmbeddingClient.ClientHandler[101]
      Received HTTP response headers after 963.1364ms - 200
info: System.Net.Http.HttpClient.IEmbeddingClient.LogicalHandler[101]
      End processing HTTP request after 963.2339ms - 200
info: System.Net.Http.HttpClient.IEmbeddingClient.LogicalHandler[100]
      Start processing HTTP request POST https://api.voyageai.com/v1/embeddings
info: System.Net.Http.HttpClient.IEmbeddingClient.ClientHandler[100]
      Sending HTTP request POST https://api.voyageai.com/v1/embeddings
info: System.Net.Http.HttpClient.IEmbeddingClient.ClientHandler[101]
      Received HTTP response headers after 634.3527ms - 200
info: System.Net.Http.HttpClient.IEmbeddingClient.LogicalHandler[101]
      End processing HTTP request after 634.4369ms - 200
info: System.Net.Http.HttpClient.IEmbeddingClient.LogicalHandler[100]
      Start processing HTTP request POST https://api.voyageai.com/v1/embeddings
info: System.Net.Http.HttpClient.IEmbeddingClient.ClientHandler[100]
      Sending HTTP request POST https://api.voyageai.com/v1/embeddings
info: System.Net.Http.HttpClient.IEmbeddingClient.ClientHandler[101]
      Received HTTP response headers after 1037.5499ms - 200
info: System.Net.Http.HttpClient.IEmbeddingClient.LogicalHandler[101]
      End processing HTTP request after 1037.6316ms - 200
info: System.Net.Http.HttpClient.IEmbeddingClient.LogicalHandler[100]
      Start processing HTTP request POST https://api.voyageai.com/v1/embeddings
info: System.Net.Http.HttpClient.IEmbeddingClient.ClientHandler[100]
      Sending HTTP request POST https://api.voyageai.com/v1/embeddings
info: System.Net.Http.HttpClient.IEmbeddingClient.ClientHandler[101]
      Received HTTP response headers after 2785.8878ms - 200
info: System.Net.Http.HttpClient.IEmbeddingClient.LogicalHandler[101]
      End processing HTTP request after 2785.9719ms - 200
info: System.Net.Http.HttpClient.IEmbeddingClient.LogicalHandler[100]
      Start processing HTTP request POST https://api.voyageai.com/v1/embeddings
info: System.Net.Http.HttpClient.IEmbeddingClient.ClientHandler[100]
      Sending HTTP request POST https://api.voyageai.com/v1/embeddings
info: System.Net.Http.HttpClient.IEmbeddingClient.ClientHandler[101]
      Received HTTP response headers after 3971.8326ms - 200
info: System.Net.Http.HttpClient.IEmbeddingClient.LogicalHandler[101]
      End processing HTTP request after 3971.9211ms - 200
info: System.Net.Http.HttpClient.IEmbeddingClient.LogicalHandler[100]
      Start processing HTTP request POST https://api.voyageai.com/v1/embeddings
info: System.Net.Http.HttpClient.IEmbeddingClient.ClientHandler[100]
      Sending HTTP request POST https://api.voyageai.com/v1/embeddings
info: System.Net.Http.HttpClient.IEmbeddingClient.ClientHandler[101]
      Received HTTP response headers after 3519.5174ms - 200
info: System.Net.Http.HttpClient.IEmbeddingClient.LogicalHandler[101]
      End processing HTTP request after 3519.5936ms - 200
info: System.Net.Http.HttpClient.IEmbeddingClient.LogicalHandler[100]
      Start processing HTTP request POST https://api.voyageai.com/v1/embeddings
info: System.Net.Http.HttpClient.IEmbeddingClient.ClientHandler[100]
      Sending HTTP request POST https://api.voyageai.com/v1/embeddings
info: System.Net.Http.HttpClient.IEmbeddingClient.ClientHandler[101]
      Received HTTP response headers after 1963.3038ms - 200
info: System.Net.Http.HttpClient.IEmbeddingClient.LogicalHandler[101]
      End processing HTTP request after 1963.381ms - 200
info: System.Net.Http.HttpClient.IEmbeddingClient.LogicalHandler[100]
      Start processing HTTP request POST https://api.voyageai.com/v1/embeddings
info: System.Net.Http.HttpClient.IEmbeddingClient.ClientHandler[100]
      Sending HTTP request POST https://api.voyageai.com/v1/embeddings
info: System.Net.Http.HttpClient.IEmbeddingClient.ClientHandler[101]
      Received HTTP response headers after 711.3405ms - 200
info: System.Net.Http.HttpClient.IEmbeddingClient.LogicalHandler[101]
      End processing HTTP request after 711.4237ms - 200
info: System.Net.Http.HttpClient.IEmbeddingClient.LogicalHandler[100]
      Start processing HTTP request POST https://api.voyageai.com/v1/embeddings
info: System.Net.Http.HttpClient.IEmbeddingClient.ClientHandler[100]
      Sending HTTP request POST https://api.voyageai.com/v1/embeddings
info: System.Net.Http.HttpClient.IEmbeddingClient.ClientHandler[101]
      Received HTTP response headers after 939.3443ms - 200
info: System.Net.Http.HttpClient.IEmbeddingClient.LogicalHandler[101]
      End processing HTTP request after 939.559ms - 200
info: System.Net.Http.HttpClient.IEmbeddingClient.LogicalHandler[100]
      Start processing HTTP request POST https://api.voyageai.com/v1/embeddings
info: System.Net.Http.HttpClient.IEmbeddingClient.ClientHandler[100]
      Sending HTTP request POST https://api.voyageai.com/v1/embeddings
info: System.Net.Http.HttpClient.IEmbeddingClient.ClientHandler[101]
      Received HTTP response headers after 886.2116ms - 200
info: System.Net.Http.HttpClient.IEmbeddingClient.LogicalHandler[101]
      End processing HTTP request after 886.2931ms - 200
info: System.Net.Http.HttpClient.IEmbeddingClient.LogicalHandler[100]
      Start processing HTTP request POST https://api.voyageai.com/v1/embeddings
info: System.Net.Http.HttpClient.IEmbeddingClient.ClientHandler[100]
      Sending HTTP request POST https://api.voyageai.com/v1/embeddings
info: System.Net.Http.HttpClient.IEmbeddingClient.ClientHandler[101]
      Received HTTP response headers after 736.1564ms - 200
info: System.Net.Http.HttpClient.IEmbeddingClient.LogicalHandler[101]
      End processing HTTP request after 736.2166ms - 200
info: System.Net.Http.HttpClient.IEmbeddingClient.LogicalHandler[100]
      Start processing HTTP request POST https://api.voyageai.com/v1/embeddings
info: System.Net.Http.HttpClient.IEmbeddingClient.ClientHandler[100]
      Sending HTTP request POST https://api.voyageai.com/v1/embeddings
info: System.Net.Http.HttpClient.IEmbeddingClient.ClientHandler[101]
      Received HTTP response headers after 859.5892ms - 200
info: System.Net.Http.HttpClient.IEmbeddingClient.LogicalHandler[101]
      End processing HTTP request after 859.6654ms - 200
info: System.Net.Http.HttpClient.IEmbeddingClient.LogicalHandler[100]
      Start processing HTTP request POST https://api.voyageai.com/v1/embeddings
info: System.Net.Http.HttpClient.IEmbeddingClient.ClientHandler[100]
      Sending HTTP request POST https://api.voyageai.com/v1/embeddings
info: System.Net.Http.HttpClient.IEmbeddingClient.ClientHandler[101]
      Received HTTP response headers after 511.5666ms - 200
info: System.Net.Http.HttpClient.IEmbeddingClient.LogicalHandler[101]
      End processing HTTP request after 511.6566ms - 200
info: System.Net.Http.HttpClient.IEmbeddingClient.LogicalHandler[100]
      Start processing HTTP request POST https://api.voyageai.com/v1/embeddings
info: System.Net.Http.HttpClient.IEmbeddingClient.ClientHandler[100]
      Sending HTTP request POST https://api.voyageai.com/v1/embeddings
info: System.Net.Http.HttpClient.IEmbeddingClient.ClientHandler[101]
      Received HTTP response headers after 884.2099ms - 200
info: System.Net.Http.HttpClient.IEmbeddingClient.LogicalHandler[101]
      End processing HTTP request after 884.2965ms - 200
info: System.Net.Http.HttpClient.IEmbeddingClient.LogicalHandler[100]
      Start processing HTTP request POST https://api.voyageai.com/v1/embeddings
info: System.Net.Http.HttpClient.IEmbeddingClient.ClientHandler[100]
      Sending HTTP request POST https://api.voyageai.com/v1/embeddings
info: System.Net.Http.HttpClient.IEmbeddingClient.ClientHandler[101]
      Received HTTP response headers after 710.9213ms - 200
info: System.Net.Http.HttpClient.IEmbeddingClient.LogicalHandler[101]
      End processing HTTP request after 710.9875ms - 200
info: System.Net.Http.HttpClient.IEmbeddingClient.LogicalHandler[100]
      Start processing HTTP request POST https://api.voyageai.com/v1/embeddings
info: System.Net.Http.HttpClient.IEmbeddingClient.ClientHandler[100]
      Sending HTTP request POST https://api.voyageai.com/v1/embeddings
info: System.Net.Http.HttpClient.IEmbeddingClient.ClientHandler[101]
      Received HTTP response headers after 696.4973ms - 200
info: System.Net.Http.HttpClient.IEmbeddingClient.LogicalHandler[101]
      End processing HTTP request after 696.5683ms - 200
info: System.Net.Http.HttpClient.IEmbeddingClient.LogicalHandler[100]
      Start processing HTTP request POST https://api.voyageai.com/v1/embeddings
info: System.Net.Http.HttpClient.IEmbeddingClient.ClientHandler[100]
      Sending HTTP request POST https://api.voyageai.com/v1/embeddings
info: System.Net.Http.HttpClient.IEmbeddingClient.ClientHandler[101]
      Received HTTP response headers after 1503.3098ms - 200
info: System.Net.Http.HttpClient.IEmbeddingClient.LogicalHandler[101]
      End processing HTTP request after 1503.385ms - 200
info: System.Net.Http.HttpClient.IEmbeddingClient.LogicalHandler[100]
      Start processing HTTP request POST https://api.voyageai.com/v1/embeddings
info: System.Net.Http.HttpClient.IEmbeddingClient.ClientHandler[100]
      Sending HTTP request POST https://api.voyageai.com/v1/embeddings
info: System.Net.Http.HttpClient.IEmbeddingClient.ClientHandler[101]
      Received HTTP response headers after 1175.4767ms - 200
info: System.Net.Http.HttpClient.IEmbeddingClient.LogicalHandler[101]
      End processing HTTP request after 1175.5462ms - 200
info: System.Net.Http.HttpClient.IEmbeddingClient.LogicalHandler[100]
      Start processing HTTP request POST https://api.voyageai.com/v1/embeddings
info: System.Net.Http.HttpClient.IEmbeddingClient.ClientHandler[100]
      Sending HTTP request POST https://api.voyageai.com/v1/embeddings
info: System.Net.Http.HttpClient.IEmbeddingClient.ClientHandler[101]
      Received HTTP response headers after 635.9121ms - 200
info: System.Net.Http.HttpClient.IEmbeddingClient.LogicalHandler[101]
      End processing HTTP request after 635.9799ms - 200
info: System.Net.Http.HttpClient.IEmbeddingClient.LogicalHandler[100]
      Start processing HTTP request POST https://api.voyageai.com/v1/embeddings
info: System.Net.Http.HttpClient.IEmbeddingClient.ClientHandler[100]
      Sending HTTP request POST https://api.voyageai.com/v1/embeddings
info: System.Net.Http.HttpClient.IEmbeddingClient.ClientHandler[101]
      Received HTTP response headers after 1065.5944ms - 200
info: System.Net.Http.HttpClient.IEmbeddingClient.LogicalHandler[101]
      End processing HTTP request after 1065.6659ms - 200
info: System.Net.Http.HttpClient.IEmbeddingClient.LogicalHandler[100]
      Start processing HTTP request POST https://api.voyageai.com/v1/embeddings
info: System.Net.Http.HttpClient.IEmbeddingClient.ClientHandler[100]
      Sending HTTP request POST https://api.voyageai.com/v1/embeddings
info: System.Net.Http.HttpClient.IEmbeddingClient.ClientHandler[101]
      Received HTTP response headers after 882.2838ms - 200
info: System.Net.Http.HttpClient.IEmbeddingClient.LogicalHandler[101]
      End processing HTTP request after 882.3481ms - 200
info: System.Net.Http.HttpClient.IEmbeddingClient.LogicalHandler[100]
      Start processing HTTP request POST https://api.voyageai.com/v1/embeddings
info: System.Net.Http.HttpClient.IEmbeddingClient.ClientHandler[100]
      Sending HTTP request POST https://api.voyageai.com/v1/embeddings
info: System.Net.Http.HttpClient.IEmbeddingClient.ClientHandler[101]
      Received HTTP response headers after 730.2118ms - 200
info: System.Net.Http.HttpClient.IEmbeddingClient.LogicalHandler[101]
      End processing HTTP request after 730.2884ms - 200
info: System.Net.Http.HttpClient.IEmbeddingClient.LogicalHandler[100]
      Start processing HTTP request POST https://api.voyageai.com/v1/embeddings
info: System.Net.Http.HttpClient.IEmbeddingClient.ClientHandler[100]
      Sending HTTP request POST https://api.voyageai.com/v1/embeddings
info: System.Net.Http.HttpClient.IEmbeddingClient.ClientHandler[101]
      Received HTTP response headers after 674.1506ms - 200
info: System.Net.Http.HttpClient.IEmbeddingClient.LogicalHandler[101]
      End processing HTTP request after 674.246ms - 200
info: System.Net.Http.HttpClient.IEmbeddingClient.LogicalHandler[100]
      Start processing HTTP request POST https://api.voyageai.com/v1/embeddings
info: System.Net.Http.HttpClient.IEmbeddingClient.ClientHandler[100]
      Sending HTTP request POST https://api.voyageai.com/v1/embeddings
info: System.Net.Http.HttpClient.IEmbeddingClient.ClientHandler[101]
      Received HTTP response headers after 859.7446ms - 200
info: System.Net.Http.HttpClient.IEmbeddingClient.LogicalHandler[101]
      End processing HTTP request after 859.8059ms - 200
info: System.Net.Http.HttpClient.IEmbeddingClient.LogicalHandler[100]
      Start processing HTTP request POST https://api.voyageai.com/v1/embeddings
info: System.Net.Http.HttpClient.IEmbeddingClient.ClientHandler[100]
      Sending HTTP request POST https://api.voyageai.com/v1/embeddings
info: System.Net.Http.HttpClient.IEmbeddingClient.ClientHandler[101]
      Received HTTP response headers after 1227.3379ms - 200
info: System.Net.Http.HttpClient.IEmbeddingClient.LogicalHandler[101]
      End processing HTTP request after 1227.3853ms - 200
info: System.Net.Http.HttpClient.IEmbeddingClient.LogicalHandler[100]
      Start processing HTTP request POST https://api.voyageai.com/v1/embeddings
info: System.Net.Http.HttpClient.IEmbeddingClient.ClientHandler[100]
      Sending HTTP request POST https://api.voyageai.com/v1/embeddings
info: System.Net.Http.HttpClient.IEmbeddingClient.ClientHandler[101]
      Received HTTP response headers after 910.3553ms - 200
info: System.Net.Http.HttpClient.IEmbeddingClient.LogicalHandler[101]
      End processing HTTP request after 910.4206ms - 200
info: System.Net.Http.HttpClient.IEmbeddingClient.LogicalHandler[100]
      Start processing HTTP request POST https://api.voyageai.com/v1/embeddings
info: System.Net.Http.HttpClient.IEmbeddingClient.ClientHandler[100]
      Sending HTTP request POST https://api.voyageai.com/v1/embeddings
info: System.Net.Http.HttpClient.IEmbeddingClient.ClientHandler[101]
      Received HTTP response headers after 2382.8453ms - 200
info: System.Net.Http.HttpClient.IEmbeddingClient.LogicalHandler[101]
      End processing HTTP request after 2382.887ms - 200
info: System.Net.Http.HttpClient.IEmbeddingClient.LogicalHandler[100]
      Start processing HTTP request POST https://api.voyageai.com/v1/embeddings
info: System.Net.Http.HttpClient.IEmbeddingClient.ClientHandler[100]
      Sending HTTP request POST https://api.voyageai.com/v1/embeddings
info: System.Net.Http.HttpClient.IEmbeddingClient.ClientHandler[101]
      Received HTTP response headers after 5564.3679ms - 200
info: System.Net.Http.HttpClient.IEmbeddingClient.LogicalHandler[101]
      End processing HTTP request after 5564.4218ms - 200
info: System.Net.Http.HttpClient.IEmbeddingClient.LogicalHandler[100]
      Start processing HTTP request POST https://api.voyageai.com/v1/embeddings
info: System.Net.Http.HttpClient.IEmbeddingClient.ClientHandler[100]
      Sending HTTP request POST https://api.voyageai.com/v1/embeddings
info: System.Net.Http.HttpClient.IEmbeddingClient.ClientHandler[101]
      Received HTTP response headers after 3335.4672ms - 200
info: System.Net.Http.HttpClient.IEmbeddingClient.LogicalHandler[101]
      End processing HTTP request after 3335.5103ms - 200
info: System.Net.Http.HttpClient.IEmbeddingClient.LogicalHandler[100]
      Start processing HTTP request POST https://api.voyageai.com/v1/embeddings
info: System.Net.Http.HttpClient.IEmbeddingClient.ClientHandler[100]
      Sending HTTP request POST https://api.voyageai.com/v1/embeddings
info: System.Net.Http.HttpClient.IEmbeddingClient.ClientHandler[101]
      Received HTTP response headers after 1322.1243ms - 200
info: System.Net.Http.HttpClient.IEmbeddingClient.LogicalHandler[101]
      End processing HTTP request after 1322.1769ms - 200
info: System.Net.Http.HttpClient.IEmbeddingClient.LogicalHandler[100]
      Start processing HTTP request POST https://api.voyageai.com/v1/embeddings
info: System.Net.Http.HttpClient.IEmbeddingClient.ClientHandler[100]
      Sending HTTP request POST https://api.voyageai.com/v1/embeddings
info: System.Net.Http.HttpClient.IEmbeddingClient.ClientHandler[101]
      Received HTTP response headers after 880.4765ms - 200
info: System.Net.Http.HttpClient.IEmbeddingClient.LogicalHandler[101]
      End processing HTTP request after 880.5313ms - 200
info: System.Net.Http.HttpClient.IEmbeddingClient.LogicalHandler[100]
      Start processing HTTP request POST https://api.voyageai.com/v1/embeddings
info: System.Net.Http.HttpClient.IEmbeddingClient.ClientHandler[100]
      Sending HTTP request POST https://api.voyageai.com/v1/embeddings
info: System.Net.Http.HttpClient.IEmbeddingClient.ClientHandler[101]
      Received HTTP response headers after 540.7052ms - 200
info: System.Net.Http.HttpClient.IEmbeddingClient.LogicalHandler[101]
      End processing HTTP request after 540.7493ms - 200
info: RolemasterCharacterCreation.Services.RulesIndexService[0]
      Rules indexed: 2519 chunks in 82739ms
